<?xml version="1.0" encoding="UTF-8"?><testsuite errors="0" failures="4" name="As a user I would like to perform a CRUD operation of the application" skipped="0" tests="5" time="7.06" timestamp="2022-06-21T12:07:06.728+01:00[Europe/London]"><testcase name="I authorize to the application"/><testcase name="I create a booking on the application"><failure message="1 expectation failed.&#10;Expected status code &lt;200&gt; but was &lt;500&gt;.&#10;" type="java.lang.AssertionError">1 expectation failed.
Expected status code &lt;200&gt; but was &lt;500&gt;.
</failure><system-err>1 expectation failed.
Expected status code &lt;200&gt; but was &lt;500&gt;.
&#13;
io.restassured.internal.ResponseSpecificationImpl.validateResponseIfRequired(ResponseSpecificationImpl.groovy:636)&#13;
io.restassured.internal.ResponseSpecificationImpl.statusCode(ResponseSpecificationImpl.groovy:122)&#13;
io.restassured.internal.ResponseSpecificationImpl.statusCode(ResponseSpecificationImpl.groovy:130)&#13;
io.restassured.internal.ValidatableResponseOptionsImpl.statusCode(ValidatableResponseOptionsImpl.java:117)&#13;
com.herokuapp.restful_booker.cucumber.steps.MyStepdefs.iSendAPOSTRequestUsingAValidPayloadToBookingApplication(MyStepdefs.java:68)&#13;
✽.When I send a POST request using a valid payload to booking application(restfulbooker.feature:12)&#13;
</system-err></testcase><testcase name="I read a newly created booking from the application"><failure message="1 expectation failed.&#10;Expected status code &lt;200&gt; but was &lt;404&gt;.&#10;" type="java.lang.AssertionError">1 expectation failed.
Expected status code &lt;200&gt; but was &lt;404&gt;.
</failure><system-err>1 expectation failed.
Expected status code &lt;200&gt; but was &lt;404&gt;.
&#13;
io.restassured.internal.ResponseSpecificationImpl.validateResponseIfRequired(ResponseSpecificationImpl.groovy:636)&#13;
io.restassured.internal.ResponseSpecificationImpl.statusCode(ResponseSpecificationImpl.groovy:122)&#13;
io.restassured.internal.ResponseSpecificationImpl.statusCode(ResponseSpecificationImpl.groovy:130)&#13;
io.restassured.internal.ValidatableResponseOptionsImpl.statusCode(ValidatableResponseOptionsImpl.java:117)&#13;
com.herokuapp.restful_booker.cucumber.steps.MyStepdefs.iGetAValidResponseCode(MyStepdefs.java:47)&#13;
✽.Then I get a valid response code 200(restfulbooker.feature:18)&#13;
</system-err></testcase><testcase name="I update a newly created booking from the application"><failure message="1 expectation failed.&#10;Expected status code &lt;200&gt; but was &lt;400&gt;.&#10;" type="java.lang.AssertionError">1 expectation failed.
Expected status code &lt;200&gt; but was &lt;400&gt;.
</failure><system-err>1 expectation failed.
Expected status code &lt;200&gt; but was &lt;400&gt;.
&#13;
io.restassured.internal.ResponseSpecificationImpl.validateResponseIfRequired(ResponseSpecificationImpl.groovy:636)&#13;
io.restassured.internal.ResponseSpecificationImpl.statusCode(ResponseSpecificationImpl.groovy:122)&#13;
io.restassured.internal.ResponseSpecificationImpl.statusCode(ResponseSpecificationImpl.groovy:130)&#13;
io.restassured.internal.ValidatableResponseOptionsImpl.statusCode(ValidatableResponseOptionsImpl.java:117)&#13;
com.herokuapp.restful_booker.cucumber.steps.MyStepdefs.iGetAValidResponseCode(MyStepdefs.java:47)&#13;
✽.Then I get a valid response code 200(restfulbooker.feature:24)&#13;
</system-err></testcase><testcase name="I delete a newly created booking from the application"><failure message="1 expectation failed.&#10;Expected status code &lt;201&gt; but was &lt;405&gt;.&#10;" type="java.lang.AssertionError">1 expectation failed.
Expected status code &lt;201&gt; but was &lt;405&gt;.
</failure><system-err>1 expectation failed.
Expected status code &lt;201&gt; but was &lt;405&gt;.
&#13;
io.restassured.internal.ResponseSpecificationImpl.validateResponseIfRequired(ResponseSpecificationImpl.groovy:636)&#13;
io.restassured.internal.ResponseSpecificationImpl.statusCode(ResponseSpecificationImpl.groovy:122)&#13;
io.restassured.internal.ResponseSpecificationImpl.statusCode(ResponseSpecificationImpl.groovy:130)&#13;
io.restassured.internal.ValidatableResponseOptionsImpl.statusCode(ValidatableResponseOptionsImpl.java:117)&#13;
com.herokuapp.restful_booker.cucumber.steps.MyStepdefs.iSendDELETERequestToBookingApplication(MyStepdefs.java:109)&#13;
✽.When I send DELETE request to booking application(restfulbooker.feature:29)&#13;
</system-err></testcase></testsuite>